<?xml version="1.0" encoding="UTF-8"?>
<testsuite xmlns:xsi="http://www.w3.org/2001/XMLSchema-instance" xsi:noNamespaceSchemaLocation="https://maven.apache.org/surefire/maven-surefire-plugin/xsd/surefire-test-report.xsd" name="RunCucumberTest" time="7.879" tests="3" errors="0" skipped="0" failures="0">
  <properties>
[...]
</properties>
  <testcase name=": Sent request for getting articles #1" classname="RunCucumberTest" time="4.878"/>
  <testcase name=": Sent request for getting articles #2" classname="RunCucumberTest" time="1.857"/>
  <testcase name=": Sent request for getting articles #3" classname="RunCucumberTest" time="0.528"/>
</testsuite>